<?xml version="1.0" encoding="UTF-8"?>
<!-- Generated by org.testng.reporters.JUnitReportReporter -->
<testsuite skipped="0" hostname="LAPTOP-E4PBQDKQ" name="com.Myecom.testcases.CreateNewAccountTest" tests="1" failures="0" timestamp="18 Sep 2022 07:56:15 GMT" time="17.893" errors="0">
  <testcase name="personalInformation" time="17.893" classname="com.Myecom.testcases.CreateNewAccountTest"/>
</testsuite> <!-- com.Myecom.testcases.CreateNewAccountTest -->
