<?xml version="1.0" encoding="UTF-8"?>
<!-- Generated by org.testng.reporters.JUnitReportReporter -->
<testsuite skipped="0" hostname="LAPTOP-E4PBQDKQ" name="com.Myecom.testcases.SigninPageTest" tests="1" failures="0" timestamp="20 Sep 2022 07:28:30 GMT" time="36.526" errors="0">
  <testcase name="validateSubmit" time="36.526" classname="com.Myecom.testcases.SigninPageTest"/>
</testsuite> <!-- com.Myecom.testcases.SigninPageTest -->
