<?xml version="1.0" encoding="UTF-8"?>
<!-- Generated by org.testng.reporters.JUnitReportReporter -->
<testsuite skipped="0" hostname="LAPTOP-E4PBQDKQ" name="com.Myecom.testcases.DemoTest" tests="9" failures="0" timestamp="20 Sep 2022 16:46:55 GMT" time="201.002" errors="0">
  <testcase name="test3" time="28.928" classname="com.Myecom.testcases.DemoTest"/>
  <testcase name="test3" time="20.360" classname="com.Myecom.testcases.DemoTest"/>
  <testcase name="test3" time="21.853" classname="com.Myecom.testcases.DemoTest"/>
  <testcase name="test2" time="19.062" classname="com.Myecom.testcases.DemoTest"/>
  <testcase name="test2" time="21.131" classname="com.Myecom.testcases.DemoTest"/>
  <testcase name="test2" time="18.008" classname="com.Myecom.testcases.DemoTest"/>
  <testcase name="test1" time="15.802" classname="com.Myecom.testcases.DemoTest"/>
  <testcase name="test1" time="40.699" classname="com.Myecom.testcases.DemoTest"/>
  <testcase name="test1" time="15.159" classname="com.Myecom.testcases.DemoTest"/>
</testsuite> <!-- com.Myecom.testcases.DemoTest -->
