<?xml version="1.0" encoding="UTF-8"?>
<!-- Generated by org.testng.reporters.JUnitReportReporter -->
<testsuite skipped="0" hostname="LAPTOP-E4PBQDKQ" name="com.Myecom.testcases.SignPageTest" tests="1" failures="0" timestamp="15 Sep 2022 09:13:09 GMT" time="26.358" errors="0">
  <testcase name="signUp" time="26.358" classname="com.Myecom.testcases.SignPageTest"/>
</testsuite> <!-- com.Myecom.testcases.SignPageTest -->
