<?xml version="1.0" encoding="UTF-8"?>
<!-- Generated by org.testng.reporters.JUnitReportReporter -->
<testsuite skipped="0" hostname="LAPTOP-E4PBQDKQ" name="com.Myecom.testcases.SigninPageTest" tests="1" failures="0" timestamp="16 Sep 2022 03:46:06 GMT" time="33.390" errors="0">
  <testcase name="validateSubmit" time="33.390" classname="com.Myecom.testcases.SigninPageTest"/>
</testsuite> <!-- com.Myecom.testcases.SigninPageTest -->
